Building DAG of jobs...
Using shell: /usr/bin/bash
Provided cores: 2
Rules claiming more threads will be scaled down.
Job stats:
job                  count
-----------------  -------
all                      1
annotate_variants        1
call_variants            1
index_bam                1
total                    4

Select jobs to execute...

[Mon Jul  7 03:14:32 2025]
rule index_bam:
    input: results/aligned/dedup.bam
    output: results/aligned/dedup.bam.bai
    jobid: 0
    reason: Forced execution
    resources: tmpdir=/tmp

[Mon Jul  7 03:14:32 2025]
Finished job 0.
1 of 4 steps (25%) done
Select jobs to execute...

[Mon Jul  7 03:14:32 2025]
rule call_variants:
    input: results/aligned/dedup.bam, results/aligned/dedup.bam.bai, results/raw/reference.fasta
    output: results/variants/raw_variants.vcf
    jobid: 9
    reason: Missing output files: results/variants/raw_variants.vcf; Input files updated by another job: results/aligned/dedup.bam.bai
    resources: tmpdir=/tmp

[Mon Jul  7 03:14:35 2025]
Error in rule call_variants:
    jobid: 9
    input: results/aligned/dedup.bam, results/aligned/dedup.bam.bai, results/raw/reference.fasta
    output: results/variants/raw_variants.vcf
    shell:
        
        gatk HaplotypeCaller -R results/raw/reference.fasta -I results/aligned/dedup.bam -O results/variants/raw_variants.vcf
        
        (one of the commands exited with non-zero exit code; note that snakemake uses bash strict mode!)

Shutting down, this might take some time.
Exiting because a job execution failed. Look above for error message
Complete log: .snakemake/log/2025-07-07T031431.991813.snakemake.log
