Building DAG of jobs...
Creating conda environment snakeenv.yaml...
Downloading and installing remote packages.
Environment for /home/ubuntu/Bioinformatics_Cloud_Computing/lab_1/snakeenv.yaml created (location: .snakemake/conda/94d95051f9358c37216c408121042820_)
Using shell: /usr/bin/bash
Provided cores: 2
Rules claiming more threads will be scaled down.
Job stats:
job                  count
-----------------  -------
all                      1
annotate_variants        1
total                    2

Select jobs to execute...

[Mon Jul  7 03:45:02 2025]
rule annotate_variants:
    input: results/variants/raw_variants.vcf
    output: results/snpEff/annotated_variants.vcf
    jobid: 1
    reason: Missing output files: results/snpEff/annotated_variants.vcf
    resources: tmpdir=/tmp

Activating conda environment: .snakemake/conda/94d95051f9358c37216c408121042820_
[Mon Jul  7 03:45:04 2025]
Error in rule annotate_variants:
    jobid: 1
    input: results/variants/raw_variants.vcf
    output: results/snpEff/annotated_variants.vcf
    conda-env: /home/ubuntu/Bioinformatics_Cloud_Computing/lab_1/.snakemake/conda/94d95051f9358c37216c408121042820_
    shell:
        snpEff ann reference_db results/variants/raw_variants.vcf > results/snpEff/annotated_variants.vcf
        (one of the commands exited with non-zero exit code; note that snakemake uses bash strict mode!)

Removing output files of failed job annotate_variants since they might be corrupted:
results/snpEff/annotated_variants.vcf
Shutting down, this might take some time.
Exiting because a job execution failed. Look above for error message
Complete log: .snakemake/log/2025-07-07T034358.053605.snakemake.log
