Building DAG of jobs...
Using shell: /usr/bin/bash
Provided cores: 2
Rules claiming more threads will be scaled down.
Job stats:
job                  count
-----------------  -------
all                      1
annotate_variants        1
call_variants            1
index_bam                1
mark_duplicates          1
total                    5

Select jobs to execute...

[Mon Jul  7 03:10:44 2025]
rule mark_duplicates:
    input: results/aligned/aligned.sorted.bam
    output: results/aligned/dedup.bam, results/aligned/dup_metrics.txt
    jobid: 3
    reason: Missing output files: results/aligned/dedup.bam; Updated input files: results/aligned/aligned.sorted.bam
    resources: tmpdir=/tmp

[Mon Jul  7 03:10:44 2025]
Error in rule mark_duplicates:
    jobid: 3
    input: results/aligned/aligned.sorted.bam
    output: results/aligned/dedup.bam, results/aligned/dup_metrics.txt
    shell:
        gatk MarkDuplicates -I results/aligned/aligned.sorted.bam -O results/aligned/dedup.bam -M results/aligned/dup_metrics.txt
        (one of the commands exited with non-zero exit code; note that snakemake uses bash strict mode!)

Shutting down, this might take some time.
Exiting because a job execution failed. Look above for error message
Complete log: .snakemake/log/2025-07-07T031042.783135.snakemake.log
